Started by user [8mha:////4FzuyJPUZo4woMksmOISNTD3bwKhqSKN8Z1ioSgLbrnBAAAAmR+LCAAAAAAAAP9b85aBtbiIQTGjNKU4P08vOT+vOD8nVc83PyU1x6OyILUoJzMv2y+/JJUBAhiZGBgqihhk0NSjKDWzXb3RdlLBUSYGJk8GtpzUvPSSDB8G5tKinBIGIZ+sxLJE/ZzEvHT94JKizLx0a6BxUmjGOUNodHsLgAz2EgZe/dLi1CL9rNS87My8YgDGtiJjwgAAAA==[0mjenkins
Running as SYSTEM
Building on master in workspace /var/lib/jenkins/workspace/mavenbuild
No credentials specified
Cloning the remote Git repository
Cloning repository https://github.com/wbordoni/teamrocket.git
 > git init /var/lib/jenkins/workspace/mavenbuild # timeout=10
Fetching upstream changes from https://github.com/wbordoni/teamrocket.git
 > git --version # timeout=10
 > git fetch --tags --progress https://github.com/wbordoni/teamrocket.git +refs/heads/*:refs/remotes/origin/* # timeout=10
 > git config remote.origin.url https://github.com/wbordoni/teamrocket.git # timeout=10
 > git config --add remote.origin.fetch +refs/heads/*:refs/remotes/origin/* # timeout=10
 > git config remote.origin.url https://github.com/wbordoni/teamrocket.git # timeout=10
Fetching upstream changes from https://github.com/wbordoni/teamrocket.git
 > git fetch --tags --progress https://github.com/wbordoni/teamrocket.git +refs/heads/*:refs/remotes/origin/* # timeout=10
 > git rev-parse refs/remotes/origin/master^{commit} # timeout=10
 > git rev-parse refs/remotes/origin/origin/master^{commit} # timeout=10
Checking out Revision cff63156d85482ab8def78434e23a54b85a89278 (refs/remotes/origin/master)
 > git config core.sparsecheckout # timeout=10
 > git checkout -f cff63156d85482ab8def78434e23a54b85a89278 # timeout=10
Commit message: "ansible test user change"
First time build. Skipping changelog.
Unpacking https://repo.maven.apache.org/maven2/org/apache/maven/apache-maven/3.6.3/apache-maven-3.6.3-bin.zip to /var/lib/jenkins/tools/hudson.tasks.Maven_MavenInstallation/maven3 on Jenkins
[mavenbuild] $ /var/lib/jenkins/tools/hudson.tasks.Maven_MavenInstallation/maven3/bin/mvn -f MavenWebAppRestSwaggerSample/pom.xml
[INFO] Scanning for projects...
[INFO] ------------------------------------------------------------------------
[INFO] BUILD FAILURE
[INFO] ------------------------------------------------------------------------
[INFO] Total time:  0.059 s
[INFO] Finished at: 2020-02-10T10:21:17Z
[INFO] ------------------------------------------------------------------------
[8mha:////4LP+k2Frg6g/N77Ig0QKjGnUNRPIhE4Un44lGc6+mGiMAAAAYB+LCAAAAAAAAP9b85aBtbiIQSmjNKU4P0+vJLE4u1gvPjexLDVPzxdEuhYV5Rf55ZekOlc7RKnPKH7IxMBQUcQgBdWQnJ9XnJ+TqucMoUEKGSCAEaSwAACsNFCqYAAAAA==[0m[ERROR] No goals have been specified for this build. You must specify a valid lifecycle phase or a goal in the format <plugin-prefix>:<goal> or <plugin-group-id>:<plugin-artifact-id>[:<plugin-version>]:<goal>. Available lifecycle phases are: validate, initialize, generate-sources, process-sources, generate-resources, process-resources, compile, process-classes, generate-test-sources, process-test-sources, generate-test-resources, process-test-resources, test-compile, process-test-classes, test, prepare-package, package, pre-integration-test, integration-test, post-integration-test, verify, install, deploy, pre-clean, clean, post-clean, pre-site, site, post-site, site-deploy. -> [Help 1]
[8mha:////4LP+k2Frg6g/N77Ig0QKjGnUNRPIhE4Un44lGc6+mGiMAAAAYB+LCAAAAAAAAP9b85aBtbiIQSmjNKU4P0+vJLE4u1gvPjexLDVPzxdEuhYV5Rf55ZekOlc7RKnPKH7IxMBQUcQgBdWQnJ9XnJ+TqucMoUEKGSCAEaSwAACsNFCqYAAAAA==[0m[ERROR] 
[8mha:////4LP+k2Frg6g/N77Ig0QKjGnUNRPIhE4Un44lGc6+mGiMAAAAYB+LCAAAAAAAAP9b85aBtbiIQSmjNKU4P0+vJLE4u1gvPjexLDVPzxdEuhYV5Rf55ZekOlc7RKnPKH7IxMBQUcQgBdWQnJ9XnJ+TqucMoUEKGSCAEaSwAACsNFCqYAAAAA==[0m[ERROR] To see the full stack trace of the errors, re-run Maven with the -e switch.
[8mha:////4LP+k2Frg6g/N77Ig0QKjGnUNRPIhE4Un44lGc6+mGiMAAAAYB+LCAAAAAAAAP9b85aBtbiIQSmjNKU4P0+vJLE4u1gvPjexLDVPzxdEuhYV5Rf55ZekOlc7RKnPKH7IxMBQUcQgBdWQnJ9XnJ+TqucMoUEKGSCAEaSwAACsNFCqYAAAAA==[0m[ERROR] Re-run Maven using the -X switch to enable full debug logging.
[8mha:////4LP+k2Frg6g/N77Ig0QKjGnUNRPIhE4Un44lGc6+mGiMAAAAYB+LCAAAAAAAAP9b85aBtbiIQSmjNKU4P0+vJLE4u1gvPjexLDVPzxdEuhYV5Rf55ZekOlc7RKnPKH7IxMBQUcQgBdWQnJ9XnJ+TqucMoUEKGSCAEaSwAACsNFCqYAAAAA==[0m[ERROR] 
[8mha:////4LP+k2Frg6g/N77Ig0QKjGnUNRPIhE4Un44lGc6+mGiMAAAAYB+LCAAAAAAAAP9b85aBtbiIQSmjNKU4P0+vJLE4u1gvPjexLDVPzxdEuhYV5Rf55ZekOlc7RKnPKH7IxMBQUcQgBdWQnJ9XnJ+TqucMoUEKGSCAEaSwAACsNFCqYAAAAA==[0m[ERROR] For more information about the errors and possible solutions, please read the following articles:
[8mha:////4LP+k2Frg6g/N77Ig0QKjGnUNRPIhE4Un44lGc6+mGiMAAAAYB+LCAAAAAAAAP9b85aBtbiIQSmjNKU4P0+vJLE4u1gvPjexLDVPzxdEuhYV5Rf55ZekOlc7RKnPKH7IxMBQUcQgBdWQnJ9XnJ+TqucMoUEKGSCAEaSwAACsNFCqYAAAAA==[0m[ERROR] [Help 1] http://cwiki.apache.org/confluence/display/MAVEN/NoGoalSpecifiedException
Build step 'Invoke top-level Maven targets' marked build as failure
Finished: FAILURE
